<?xml version="1.0" encoding="UTF-8"?>
<!-- Generated by org.testng.reporters.JUnitReportReporter -->
<testsuite hostname="30D001" failures="0" tests="2" name="com.qacard.TraitementBeforeAfterMethod" time="0.007" errors="0" timestamp="2024-05-27T21:27:47 CET" skipped="0">
  <testcase classname="com.qacard.TraitementBeforeAfterMethod" name="MethodTest1" time="0.006"/>
  <testcase classname="com.qacard.TraitementBeforeAfterMethod" name="MethodTest2" time="0.001"/>
</testsuite> <!-- com.qacard.TraitementBeforeAfterMethod -->
