<?xml version="1.0" encoding="UTF-8"?>
<!-- Generated by org.testng.reporters.JUnitReportReporter -->
<testsuite hostname="30D001" failures="0" tests="3" name="com.qacard.TasksScreenTest" time="0.013" errors="0" timestamp="2024-05-27T16:13:08 CET" skipped="0">
  <testcase classname="com.qacard.TasksScreenTest" name="Logout" time="0.002"/>
  <testcase classname="com.qacard.TasksScreenTest" name="ValiderTask" time="0.003"/>
  <testcase classname="com.qacard.TasksScreenTest" name="AddNewTask" time="0.008"/>
</testsuite> <!-- com.qacard.TasksScreenTest -->
