<?xml version="1.0" encoding="UTF-8"?>
<!-- Generated by org.testng.reporters.JUnitReportReporter -->
<testsuite hostname="30D001" failures="0" tests="1" name="com.qacard.NewTaskScreenTest" time="0.001" errors="0" timestamp="2024-05-27T22:35:20 CET" skipped="0">
  <testcase classname="com.qacard.NewTaskScreenTest" name="AddNewTask" time="0.001"/>
</testsuite> <!-- com.qacard.NewTaskScreenTest -->
